
> frontend@0.1.0 start
> react-scripts start

(node:13428) [DEP0176] DeprecationWarning: fs.F_OK is deprecated, use fs.constants.F_OK instead
(Use `node --trace-deprecation ...` to show where the warning was created)
(node:13428) [DEP_WEBPACK_DEV_SERVER_ON_AFTER_SETUP_MIDDLEWARE] DeprecationWarning: 'onAfterSetupMiddleware' option is deprecated. Please use the 'setupMiddlewares' option.
(node:13428) [DEP_WEBPACK_DEV_SERVER_ON_BEFORE_SETUP_MIDDLEWARE] DeprecationWarning: 'onBeforeSetupMiddleware' option is deprecated. Please use the 'setupMiddlewares' option.
Starting the development server...

Compiled successfully!

You can now view frontend in the browser.

  Local:            http://localhost:3000
  On Your Network:  http://192.168.29.168:3000

Note that the development build is not optimized.
To create a production build, use npm run build.

webpack compiled [1m[32msuccessfully[39m[22m
Compiling...
Failed to compile.

[eslint] 
src\pages\Dashboard.jsx
  Line 292:16:  'LineChart' is not defined  react/jsx-no-undef
  Line 297:18:  'Line' is not defined       react/jsx-no-undef

Search for the keywords to learn more about each error.
[1m[31mERROR[39m[22m in [1m[eslint] 
src\pages\Dashboard.jsx
  Line 292:16:  'LineChart' is not defined  react/jsx-no-undef
  Line 297:18:  'Line' is not defined       react/jsx-no-undef

Search for the keywords to learn more about each [1m[31merror[39m[22m[1m.[39m[22m

webpack compiled with [1m[31m1 error[39m[22m
Compiling...
Failed to compile.

[eslint] 
src\pages\Dashboard.jsx
  Line 290:16:  'LineChart' is not defined        react/jsx-no-undef
  Line 295:18:  'Line' is not defined             react/jsx-no-undef
  Line 314:41:  'APPROVAL_COLORS' is not defined  no-undef
  Line 339:41:  'DEPT_COLORS' is not defined      no-undef
  Line 339:57:  'DEPT_COLORS' is not defined      no-undef

Search for the keywords to learn more about each error.
[1m[31mERROR[39m[22m in [1m[eslint] 
src\pages\Dashboard.jsx
  Line 290:16:  'LineChart' is not defined        react/jsx-no-undef
  Line 295:18:  'Line' is not defined             react/jsx-no-undef
  Line 314:41:  'APPROVAL_COLORS' is not defined  no-undef
  Line 339:41:  'DEPT_COLORS' is not defined      no-undef
  Line 339:57:  'DEPT_COLORS' is not defined      no-undef

Search for the keywords to learn more about each [1m[31merror[39m[22m[1m.[39m[22m

webpack compiled with [1m[31m1 error[39m[22m
Compiling...
Failed to compile.

[eslint] 
src\pages\Dashboard.jsx
  Line 277:12:  'expenseTrend' is not defined     no-undef
  Line 279:16:  'LineChart' is not defined        react/jsx-no-undef
  Line 279:32:  'expenseTrend' is not defined     no-undef
  Line 284:18:  'Line' is not defined             react/jsx-no-undef
  Line 297:12:  'approvalData' is not defined     no-undef
  Line 300:28:  'approvalData' is not defined     no-undef
  Line 302:20:  'approvalData' is not defined     no-undef
  Line 303:41:  'APPROVAL_COLORS' is not defined  no-undef
  Line 318:10:  'deptData' is not defined         no-undef
  Line 323:28:  'deptData' is not defined         no-undef
  Line 327:20:  'deptData' is not defined         no-undef
  Line 328:41:  'DEPT_COLORS' is not defined      no-undef
  Line 328:57:  'DEPT_COLORS' is not defined      no-undef

Search for the keywords to learn more about each error.
[1m[31mERROR[39m[22m in [1m[eslint] 
src\pages\Dashboard.jsx
  Line 277:12:  'expenseTrend' is not defined     no-undef
  Line 279:16:  'LineChart' is not defined        react/jsx-no-undef
  Line 279:32:  'expenseTrend' is not defined     no-undef
  Line 284:18:  'Line' is not defined             react/jsx-no-undef
  Line 297:12:  'approvalData' is not defined     no-undef
  Line 300:28:  'approvalData' is not defined     no-undef
  Line 302:20:  'approvalData' is not defined     no-undef
  Line 303:41:  'APPROVAL_COLORS' is not defined  no-undef
  Line 318:10:  'deptData' is not defined         no-undef
  Line 323:28:  'deptData' is not defined         no-undef
  Line 327:20:  'deptData' is not defined         no-undef
  Line 328:41:  'DEPT_COLORS' is not defined      no-undef
  Line 328:57:  'DEPT_COLORS' is not defined      no-undef

Search for the keywords to learn more about each [1m[31merror[39m[22m[1m.[39m[22m

webpack compiled with [1m[31m1 error[39m[22m
Compiling...
Failed to compile.

[eslint] 
src\pages\Dashboard.jsx
  Line 277:12:  'expenseTrend' is not defined     no-undef
  Line 279:16:  'LineChart' is not defined        react/jsx-no-undef
  Line 279:32:  'expenseTrend' is not defined     no-undef
  Line 284:18:  'Line' is not defined             react/jsx-no-undef
  Line 297:12:  'approvalData' is not defined     no-undef
  Line 300:28:  'approvalData' is not defined     no-undef
  Line 302:20:  'approvalData' is not defined     no-undef
  Line 303:41:  'APPROVAL_COLORS' is not defined  no-undef
  Line 318:10:  'deptData' is not defined         no-undef
  Line 323:28:  'deptData' is not defined         no-undef
  Line 327:20:  'deptData' is not defined         no-undef
  Line 328:41:  'DEPT_COLORS' is not defined      no-undef
  Line 328:57:  'DEPT_COLORS' is not defined      no-undef

Search for the keywords to learn more about each error.
[1m[31mERROR[39m[22m in [1m[eslint] 
src\pages\Dashboard.jsx
  Line 277:12:  'expenseTrend' is not defined     no-undef
  Line 279:16:  'LineChart' is not defined        react/jsx-no-undef
  Line 279:32:  'expenseTrend' is not defined     no-undef
  Line 284:18:  'Line' is not defined             react/jsx-no-undef
  Line 297:12:  'approvalData' is not defined     no-undef
  Line 300:28:  'approvalData' is not defined     no-undef
  Line 302:20:  'approvalData' is not defined     no-undef
  Line 303:41:  'APPROVAL_COLORS' is not defined  no-undef
  Line 318:10:  'deptData' is not defined         no-undef
  Line 323:28:  'deptData' is not defined         no-undef
  Line 327:20:  'deptData' is not defined         no-undef
  Line 328:41:  'DEPT_COLORS' is not defined      no-undef
  Line 328:57:  'DEPT_COLORS' is not defined      no-undef

Search for the keywords to learn more about each [1m[31merror[39m[22m[1m.[39m[22m

webpack compiled with [1m[31m1 error[39m[22m
Compiling...
Failed to compile.

[eslint] 
src\pages\Dashboard.jsx
  Line 270:12:  'expenseTrend' is not defined     no-undef
  Line 272:16:  'LineChart' is not defined        react/jsx-no-undef
  Line 272:32:  'expenseTrend' is not defined     no-undef
  Line 277:18:  'Line' is not defined             react/jsx-no-undef
  Line 290:12:  'approvalData' is not defined     no-undef
  Line 293:28:  'approvalData' is not defined     no-undef
  Line 295:20:  'approvalData' is not defined     no-undef
  Line 296:41:  'APPROVAL_COLORS' is not defined  no-undef
  Line 311:10:  'deptData' is not defined         no-undef
  Line 316:28:  'deptData' is not defined         no-undef
  Line 320:20:  'deptData' is not defined         no-undef
  Line 321:41:  'DEPT_COLORS' is not defined      no-undef
  Line 321:57:  'DEPT_COLORS' is not defined      no-undef

Search for the keywords to learn more about each error.
[1m[31mERROR[39m[22m in [1m[eslint] 
src\pages\Dashboard.jsx
  Line 270:12:  'expenseTrend' is not defined     no-undef
  Line 272:16:  'LineChart' is not defined        react/jsx-no-undef
  Line 272:32:  'expenseTrend' is not defined     no-undef
  Line 277:18:  'Line' is not defined             react/jsx-no-undef
  Line 290:12:  'approvalData' is not defined     no-undef
  Line 293:28:  'approvalData' is not defined     no-undef
  Line 295:20:  'approvalData' is not defined     no-undef
  Line 296:41:  'APPROVAL_COLORS' is not defined  no-undef
  Line 311:10:  'deptData' is not defined         no-undef
  Line 316:28:  'deptData' is not defined         no-undef
  Line 320:20:  'deptData' is not defined         no-undef
  Line 321:41:  'DEPT_COLORS' is not defined      no-undef
  Line 321:57:  'DEPT_COLORS' is not defined      no-undef

Search for the keywords to learn more about each [1m[31merror[39m[22m[1m.[39m[22m

webpack compiled with [1m[31m1 error[39m[22m
Compiling...
Compiled successfully!
webpack compiled [1m[32msuccessfully[39m[22m
Compiling...
Compiled successfully!
webpack compiled [1m[32msuccessfully[39m[22m
Compiling...
Compiled successfully!
webpack compiled [1m[32msuccessfully[39m[22m
Compiling...
Compiled successfully!
webpack compiled [1m[32msuccessfully[39m[22m
Compiling...
Compiled successfully!
webpack compiled [1m[32msuccessfully[39m[22m
Compiling...
Compiled successfully!
webpack compiled [1m[32msuccessfully[39m[22m
Compiling...
Compiled successfully!
webpack compiled [1m[32msuccessfully[39m[22m
Compiling...
Compiled successfully!
webpack compiled [1m[32msuccessfully[39m[22m
Compiling...
Compiled successfully!
webpack compiled [1m[32msuccessfully[39m[22m
Compiling...
Failed to compile.

[eslint] 
src\pages\Expenses.jsx
  Line 245:49:  'canApprove' is not defined  no-undef

Search for the keywords to learn more about each error.
[1m[31mERROR[39m[22m in [1m[eslint] 
src\pages\Expenses.jsx
  Line 245:49:  'canApprove' is not defined  no-undef

Search for the keywords to learn more about each [1m[31merror[39m[22m[1m.[39m[22m

webpack compiled with [1m[31m1 error[39m[22m
Compiling...
Compiled successfully!
webpack compiled [1m[32msuccessfully[39m[22m
Compiling...
Compiled successfully!
webpack compiled [1m[32msuccessfully[39m[22m
Compiling...
Compiled successfully!
webpack compiled [1m[32msuccessfully[39m[22m
Compiling...
Compiled successfully!
webpack compiled [1m[32msuccessfully[39m[22m
Compiling...
Compiled successfully!
webpack compiled [1m[32msuccessfully[39m[22m
Compiling...
Compiled successfully!
webpack compiled [1m[32msuccessfully[39m[22m
Compiling...
Failed to compile.

[eslint] 
src\components\approvals\ApprovalModal.jsx
  Line 117:44:  'otpInput' is not defined     no-undef
  Line 183:70:  'setOtpInput' is not defined  no-undef
  Line 183:87:  'setOtpSent' is not defined   no-undef
  Line 232:19:  'otpSent' is not defined      no-undef
  Line 235:30:  'sendOtp' is not defined      no-undef
  Line 248:30:  'otpInput' is not defined     no-undef
  Line 249:40:  'setOtpInput' is not defined  no-undef
  Line 252:24:  'otpInput' is not defined     no-undef
  Line 252:70:  'otpInput' is not defined     no-undef

Search for the keywords to learn more about each error.
[1m[31mERROR[39m[22m in [1m[eslint] 
src\components\approvals\ApprovalModal.jsx
  Line 117:44:  'otpInput' is not defined     no-undef
  Line 183:70:  'setOtpInput' is not defined  no-undef
  Line 183:87:  'setOtpSent' is not defined   no-undef
  Line 232:19:  'otpSent' is not defined      no-undef
  Line 235:30:  'sendOtp' is not defined      no-undef
  Line 248:30:  'otpInput' is not defined     no-undef
  Line 249:40:  'setOtpInput' is not defined  no-undef
  Line 252:24:  'otpInput' is not defined     no-undef
  Line 252:70:  'otpInput' is not defined     no-undef

Search for the keywords to learn more about each [1m[31merror[39m[22m[1m.[39m[22m

webpack compiled with [1m[31m1 error[39m[22m
Compiling...
Failed to compile.

[eslint] 
src\components\approvals\ApprovalModal.jsx
  Line 183:70:  'setOtpInput' is not defined  no-undef
  Line 183:87:  'setOtpSent' is not defined   no-undef
  Line 232:19:  'otpSent' is not defined      no-undef
  Line 235:30:  'sendOtp' is not defined      no-undef
  Line 248:30:  'otpInput' is not defined     no-undef
  Line 249:40:  'setOtpInput' is not defined  no-undef
  Line 252:24:  'otpInput' is not defined     no-undef
  Line 252:70:  'otpInput' is not defined     no-undef

Search for the keywords to learn more about each error.
[1m[31mERROR[39m[22m in [1m[eslint] 
src\components\approvals\ApprovalModal.jsx
  Line 183:70:  'setOtpInput' is not defined  no-undef
  Line 183:87:  'setOtpSent' is not defined   no-undef
  Line 232:19:  'otpSent' is not defined      no-undef
  Line 235:30:  'sendOtp' is not defined      no-undef
  Line 248:30:  'otpInput' is not defined     no-undef
  Line 249:40:  'setOtpInput' is not defined  no-undef
  Line 252:24:  'otpInput' is not defined     no-undef
  Line 252:70:  'otpInput' is not defined     no-undef

Search for the keywords to learn more about each [1m[31merror[39m[22m[1m.[39m[22m

webpack compiled with [1m[31m1 error[39m[22m
Compiling...
Failed to compile.

[eslint] 
src\components\approvals\ApprovalModal.jsx
  Line 183:70:  'setOtpInput' is not defined  no-undef
  Line 183:87:  'setOtpSent' is not defined   no-undef

Search for the keywords to learn more about each error.
[1m[31mERROR[39m[22m in [1m[eslint] 
src\components\approvals\ApprovalModal.jsx
  Line 183:70:  'setOtpInput' is not defined  no-undef
  Line 183:87:  'setOtpSent' is not defined   no-undef

Search for the keywords to learn more about each [1m[31merror[39m[22m[1m.[39m[22m

webpack compiled with [1m[31m1 error[39m[22m
Compiling...
Compiled successfully!
webpack compiled [1m[32msuccessfully[39m[22m
Compiling...
Compiled successfully!
webpack compiled [1m[32msuccessfully[39m[22m
Compiling...
Compiled successfully!
webpack compiled [1m[32msuccessfully[39m[22m
Compiling...
Compiled successfully!
webpack compiled [1m[32msuccessfully[39m[22m
Compiling...
Compiled successfully!
webpack compiled [1m[32msuccessfully[39m[22m
Compiling...
Compiled successfully!
webpack compiled [1m[32msuccessfully[39m[22m
Compiling...
Compiled with warnings.

[eslint] 
src\components\approvals\ApprovalHistory.jsx
  Line 28:10:  'canViewSignature' is defined but never used  no-unused-vars

Search for the keywords to learn more about each warning.
To ignore, add // eslint-disable-next-line to the line before.

[1m[33mWARNING[39m[22m in [1m[eslint] 
src\components\approvals\ApprovalHistory.jsx
  Line 28:10:  'canViewSignature' is defined but never used  no-unused-vars

[39m[22m

webpack compiled with [1m[33m1 warning[39m[22m
Compiling...
Compiled with warnings.

[eslint] 
src\components\approvals\ApprovalHistory.jsx
  Line 28:10:  'canViewSignature' is defined but never used     no-unused-vars
  Line 42:9:   'viewerRole' is assigned a value but never used  no-unused-vars

Search for the keywords to learn more about each warning.
To ignore, add // eslint-disable-next-line to the line before.

[1m[33mWARNING[39m[22m in [1m[eslint] 
src\components\approvals\ApprovalHistory.jsx
  Line 28:10:  'canViewSignature' is defined but never used     no-unused-vars
  Line 42:9:   'viewerRole' is assigned a value but never used  no-unused-vars

[39m[22m

webpack compiled with [1m[33m1 warning[39m[22m
Compiling...
Compiled successfully!
webpack compiled [1m[32msuccessfully[39m[22m
Compiling...
Compiled with warnings.

[eslint] 
src\pages\Expenses.jsx
  Line 4:8:  'ApprovalHistory' is defined but never used  no-unused-vars

Search for the keywords to learn more about each warning.
To ignore, add // eslint-disable-next-line to the line before.

[1m[33mWARNING[39m[22m in [1m[eslint] 
src\pages\Expenses.jsx
  Line 4:8:  'ApprovalHistory' is defined but never used  no-unused-vars

[39m[22m

webpack compiled with [1m[33m1 warning[39m[22m
Compiling...
Compiled with warnings.

[eslint] 
src\pages\Expenses.jsx
  Line 4:8:    'ApprovalHistory' is defined but never used        no-unused-vars
  Line 62:10:  'historyId' is assigned a value but never used     no-unused-vars
  Line 62:23:  'setHistoryId' is assigned a value but never used  no-unused-vars

Search for the keywords to learn more about each warning.
To ignore, add // eslint-disable-next-line to the line before.

[1m[33mWARNING[39m[22m in [1m[eslint] 
src\pages\Expenses.jsx
  Line 4:8:    'ApprovalHistory' is defined but never used        no-unused-vars
  Line 62:10:  'historyId' is assigned a value but never used     no-unused-vars
  Line 62:23:  'setHistoryId' is assigned a value but never used  no-unused-vars

[39m[22m

webpack compiled with [1m[33m1 warning[39m[22m
Compiling...
Compiled with warnings.

[eslint] 
src\pages\Expenses.jsx
  Line 4:8:    'ApprovalHistory' is defined but never used        no-unused-vars
  Line 62:10:  'historyId' is assigned a value but never used     no-unused-vars
  Line 62:23:  'setHistoryId' is assigned a value but never used  no-unused-vars

Search for the keywords to learn more about each warning.
To ignore, add // eslint-disable-next-line to the line before.

[1m[33mWARNING[39m[22m in [1m[eslint] 
src\pages\Expenses.jsx
  Line 4:8:    'ApprovalHistory' is defined but never used        no-unused-vars
  Line 62:10:  'historyId' is assigned a value but never used     no-unused-vars
  Line 62:23:  'setHistoryId' is assigned a value but never used  no-unused-vars

[39m[22m

webpack compiled with [1m[33m1 warning[39m[22m
Compiling...
Compiled successfully!
webpack compiled [1m[32msuccessfully[39m[22m
Compiling...
Compiled successfully!
webpack compiled [1m[32msuccessfully[39m[22m
Compiling...
Failed to compile.

[eslint] 
src\components\approvals\ExpensesApproval.jsx
  Line 30:42:  'PENDING_STATUSES' is not defined  no-undef

Search for the keywords to learn more about each error.
[1m[31mERROR[39m[22m in [1m[eslint] 
src\components\approvals\ExpensesApproval.jsx
  Line 30:42:  'PENDING_STATUSES' is not defined  no-undef

Search for the keywords to learn more about each [1m[31merror[39m[22m[1m.[39m[22m

webpack compiled with [1m[31m1 error[39m[22m
Compiling...
Failed to compile.

[eslint] 
src\components\approvals\ExpensesApproval.jsx
  Line 30:42:  'PENDING_STATUSES' is not defined  no-undef

Search for the keywords to learn more about each error.
[1m[31mERROR[39m[22m in [1m[eslint] 
src\components\approvals\ExpensesApproval.jsx
  Line 30:42:  'PENDING_STATUSES' is not defined  no-undef

Search for the keywords to learn more about each [1m[31merror[39m[22m[1m.[39m[22m

webpack compiled with [1m[31m1 error[39m[22m
Compiling...
Compiled successfully!
webpack compiled [1m[32msuccessfully[39m[22m
Compiling...
Compiled successfully!
webpack compiled [1m[32msuccessfully[39m[22m
Compiling...
Compiled with warnings.

[eslint] 
src\components\approvals\ExpensesApproval.jsx
  Line 82:17:  'canAct' is assigned a value but never used  no-unused-vars

Search for the keywords to learn more about each warning.
To ignore, add // eslint-disable-next-line to the line before.

[1m[33mWARNING[39m[22m in [1m[eslint] 
src\components\approvals\ExpensesApproval.jsx
  Line 82:17:  'canAct' is assigned a value but never used  no-unused-vars

[39m[22m

webpack compiled with [1m[33m1 warning[39m[22m
Compiling...
Compiled with warnings.

[eslint] 
src\components\approvals\ExpensesApproval.jsx
  Line 82:17:  'canAct' is assigned a value but never used  no-unused-vars

Search for the keywords to learn more about each warning.
To ignore, add // eslint-disable-next-line to the line before.

[1m[33mWARNING[39m[22m in [1m[eslint] 
src\components\approvals\ExpensesApproval.jsx
  Line 82:17:  'canAct' is assigned a value but never used  no-unused-vars

[39m[22m

webpack compiled with [1m[33m1 warning[39m[22m
Compiling...
Compiled with warnings.

[eslint] 
src\components\approvals\ExpensesApproval.jsx
  Line 82:17:  'canAct' is assigned a value but never used  no-unused-vars

Search for the keywords to learn more about each warning.
To ignore, add // eslint-disable-next-line to the line before.

[1m[33mWARNING[39m[22m in [1m[eslint] 
src\components\approvals\ExpensesApproval.jsx
  Line 82:17:  'canAct' is assigned a value but never used  no-unused-vars

[39m[22m

webpack compiled with [1m[33m1 warning[39m[22m
Compiling...
Compiled with warnings.

[eslint] 
src\components\approvals\ExpensesApproval.jsx
  Line 82:17:  'canAct' is assigned a value but never used  no-unused-vars

src\pages\Expenses.jsx
  Line 132:9:  'pendingAmount' is assigned a value but never used  no-unused-vars

Search for the keywords to learn more about each warning.
To ignore, add // eslint-disable-next-line to the line before.

[1m[33mWARNING[39m[22m in [1m[eslint] 
src\components\approvals\ExpensesApproval.jsx
  Line 82:17:  'canAct' is assigned a value but never used  no-unused-vars

src\pages\Expenses.jsx
  Line 132:9:  'pendingAmount' is assigned a value but never used  no-unused-vars

[39m[22m

webpack compiled with [1m[33m1 warning[39m[22m
Compiling...
Compiled with warnings.

[eslint] 
src\components\approvals\ExpensesApproval.jsx
  Line 82:17:  'canAct' is assigned a value but never used  no-unused-vars

Search for the keywords to learn more about each warning.
To ignore, add // eslint-disable-next-line to the line before.

[1m[33mWARNING[39m[22m in [1m[eslint] 
src\components\approvals\ExpensesApproval.jsx
  Line 82:17:  'canAct' is assigned a value but never used  no-unused-vars

[39m[22m

webpack compiled with [1m[33m1 warning[39m[22m
Compiling...
Compiled with warnings.

[eslint] 
src\components\approvals\ExpensesApproval.jsx
  Line 82:17:  'canAct' is assigned a value but never used  no-unused-vars

Search for the keywords to learn more about each warning.
To ignore, add // eslint-disable-next-line to the line before.

[1m[33mWARNING[39m[22m in [1m[eslint] 
src\components\approvals\ExpensesApproval.jsx
  Line 82:17:  'canAct' is assigned a value but never used  no-unused-vars

[39m[22m

webpack compiled with [1m[33m1 warning[39m[22m
Compiling...
Compiled with warnings.

[eslint] 
src\components\approvals\ExpensesApproval.jsx
  Line 82:17:  'canAct' is assigned a value but never used  no-unused-vars

Search for the keywords to learn more about each warning.
To ignore, add // eslint-disable-next-line to the line before.

[1m[33mWARNING[39m[22m in [1m[eslint] 
src\components\approvals\ExpensesApproval.jsx
  Line 82:17:  'canAct' is assigned a value but never used  no-unused-vars

[39m[22m

webpack compiled with [1m[33m1 warning[39m[22m
Compiling...
Compiled with warnings.

[eslint] 
src\components\approvals\ExpensesApproval.jsx
  Line 82:17:  'canAct' is assigned a value but never used  no-unused-vars

Search for the keywords to learn more about each warning.
To ignore, add // eslint-disable-next-line to the line before.

[1m[33mWARNING[39m[22m in [1m[eslint] 
src\components\approvals\ExpensesApproval.jsx
  Line 82:17:  'canAct' is assigned a value but never used  no-unused-vars

[39m[22m

webpack compiled with [1m[33m1 warning[39m[22m
Compiling...
Compiled with warnings.

[eslint] 
src\components\approvals\ExpensesApproval.jsx
  Line 83:17:  'canAct' is assigned a value but never used  no-unused-vars

Search for the keywords to learn more about each warning.
To ignore, add // eslint-disable-next-line to the line before.

[1m[33mWARNING[39m[22m in [1m[eslint] 
src\components\approvals\ExpensesApproval.jsx
  Line 83:17:  'canAct' is assigned a value but never used  no-unused-vars

[39m[22m

webpack compiled with [1m[33m1 warning[39m[22m
Compiling...
Compiled with warnings.

[eslint] 
src\components\approvals\ExpensesApproval.jsx
  Line 91:17:  'canAct' is assigned a value but never used  no-unused-vars

Search for the keywords to learn more about each warning.
To ignore, add // eslint-disable-next-line to the line before.

[1m[33mWARNING[39m[22m in [1m[eslint] 
src\components\approvals\ExpensesApproval.jsx
  Line 91:17:  'canAct' is assigned a value but never used  no-unused-vars

[39m[22m

webpack compiled with [1m[33m1 warning[39m[22m
Compiling...
Failed to compile.

[eslint] 
src\components\approvals\ExpensesApproval.jsx
  Line 151:18:  'showSupervisor' is not defined  no-undef

Search for the keywords to learn more about each error.
[1m[33mWARNING[39m[22m in [1m[eslint] 
src\components\approvals\ExpensesApproval.jsx
  Line 18:9:  'isSupervisor' is assigned a value but never used  no-unused-vars

[39m[22m

[1m[31mERROR[39m[22m in [1m[eslint] 
src\components\approvals\ExpensesApproval.jsx
  Line 151:18:  'showSupervisor' is not defined  no-undef

Search for the keywords to learn more about each [1m[31merror[39m[22m[1m.[39m[22m

webpack compiled with [1m[31m1 error[39m[22m and [1m[33m1 warning[39m[22m
Compiling...
Failed to compile.

[eslint] 
src\components\approvals\ExpensesApproval.jsx
  Line 151:18:  'showSupervisor' is not defined  no-undef

Search for the keywords to learn more about each error.
[1m[33mWARNING[39m[22m in [1m[eslint] 
src\components\approvals\ExpensesApproval.jsx
  Line 18:9:  'isSupervisor' is assigned a value but never used  no-unused-vars

[39m[22m

[1m[31mERROR[39m[22m in [1m[eslint] 
src\components\approvals\ExpensesApproval.jsx
  Line 151:18:  'showSupervisor' is not defined  no-undef

Search for the keywords to learn more about each [1m[31merror[39m[22m[1m.[39m[22m

webpack compiled with [1m[31m1 error[39m[22m and [1m[33m1 warning[39m[22m
Compiling...
Compiled with warnings.

[eslint] 
src\components\approvals\ExpensesApproval.jsx
  Line 18:9:  'isSupervisor' is assigned a value but never used  no-unused-vars

Search for the keywords to learn more about each warning.
To ignore, add // eslint-disable-next-line to the line before.

[1m[33mWARNING[39m[22m in [1m[eslint] 
src\components\approvals\ExpensesApproval.jsx
  Line 18:9:  'isSupervisor' is assigned a value but never used  no-unused-vars

[39m[22m

webpack compiled with [1m[33m1 warning[39m[22m
Compiling...
Compiled with warnings.

[eslint] 
src\components\approvals\ExpensesApproval.jsx
  Line 18:9:  'isSupervisor' is assigned a value but never used  no-unused-vars

Search for the keywords to learn more about each warning.
To ignore, add // eslint-disable-next-line to the line before.

[1m[33mWARNING[39m[22m in [1m[eslint] 
src\components\approvals\ExpensesApproval.jsx
  Line 18:9:  'isSupervisor' is assigned a value but never used  no-unused-vars

[39m[22m

webpack compiled with [1m[33m1 warning[39m[22m
Compiling...
Compiled successfully!
webpack compiled [1m[32msuccessfully[39m[22m
Compiling...
Compiled successfully!
webpack compiled [1m[32msuccessfully[39m[22m
Compiling...
Compiled successfully!
webpack compiled [1m[32msuccessfully[39m[22m
Compiling...
Compiled successfully!
webpack compiled [1m[32msuccessfully[39m[22m
Compiling...
Compiled successfully!
webpack compiled [1m[32msuccessfully[39m[22m
Compiling...
Compiled successfully!
webpack compiled [1m[32msuccessfully[39m[22m
Compiling...
Compiled successfully!
webpack compiled [1m[32msuccessfully[39m[22m
Compiling...
Compiled successfully!
webpack compiled [1m[32msuccessfully[39m[22m
Compiling...
Compiled successfully!
webpack compiled [1m[32msuccessfully[39m[22m
Compiling...
Compiled successfully!
webpack compiled [1m[32msuccessfully[39m[22m
Compiling...
Failed to compile.

[eslint] 
src\pages\WorkDashboard.jsx
  Line 130:66:  'MOOD_EMOJI' is not defined  no-undef
  Line 133:52:  'MOOD_COLOR' is not defined  no-undef
  Line 168:24:  'MOOD_EMOJI' is not defined  no-undef

Search for the keywords to learn more about each error.
[1m[31mERROR[39m[22m in [1m[eslint] 
src\pages\WorkDashboard.jsx
  Line 130:66:  'MOOD_EMOJI' is not defined  no-undef
  Line 133:52:  'MOOD_COLOR' is not defined  no-undef
  Line 168:24:  'MOOD_EMOJI' is not defined  no-undef

Search for the keywords to learn more about each [1m[31merror[39m[22m[1m.[39m[22m

webpack compiled with [1m[31m1 error[39m[22m
Compiling...
Failed to compile.

[eslint] 
src\pages\WorkDashboard.jsx
  Line 117:16:  'moodData' is not defined    no-undef
  Line 122:34:  'moodData' is not defined    no-undef
  Line 123:66:  'MOOD_EMOJI' is not defined  no-undef
  Line 125:26:  'moodData' is not defined    no-undef
  Line 126:52:  'MOOD_COLOR' is not defined  no-undef
  Line 161:24:  'MOOD_EMOJI' is not defined  no-undef

Search for the keywords to learn more about each error.
[1m[31mERROR[39m[22m in [1m[eslint] 
src\pages\WorkDashboard.jsx
  Line 117:16:  'moodData' is not defined    no-undef
  Line 122:34:  'moodData' is not defined    no-undef
  Line 123:66:  'MOOD_EMOJI' is not defined  no-undef
  Line 125:26:  'moodData' is not defined    no-undef
  Line 126:52:  'MOOD_COLOR' is not defined  no-undef
  Line 161:24:  'MOOD_EMOJI' is not defined  no-undef

Search for the keywords to learn more about each [1m[31merror[39m[22m[1m.[39m[22m

webpack compiled with [1m[31m1 error[39m[22m
Compiling...
Failed to compile.

[eslint] 
src\pages\WorkDashboard.jsx
  Line 138:24:  'MOOD_EMOJI' is not defined  no-undef

Search for the keywords to learn more about each error.
[1m[33mWARNING[39m[22m in [1m[eslint] 
src\pages\WorkDashboard.jsx
  Line 5:3:   'PieChart' is defined but never used  no-unused-vars
  Line 5:13:  'Pie' is defined but never used       no-unused-vars
  Line 5:18:  'Cell' is defined but never used      no-unused-vars
  Line 5:24:  'Legend' is defined but never used    no-unused-vars

[39m[22m

[1m[31mERROR[39m[22m in [1m[eslint] 
src\pages\WorkDashboard.jsx
  Line 138:24:  'MOOD_EMOJI' is not defined  no-undef

Search for the keywords to learn more about each [1m[31merror[39m[22m[1m.[39m[22m

webpack compiled with [1m[31m1 error[39m[22m and [1m[33m1 warning[39m[22m
Compiling...
Compiled with warnings.

[eslint] 
src\pages\WorkDashboard.jsx
  Line 5:3:   'PieChart' is defined but never used  no-unused-vars
  Line 5:13:  'Pie' is defined but never used       no-unused-vars
  Line 5:18:  'Cell' is defined but never used      no-unused-vars
  Line 5:24:  'Legend' is defined but never used    no-unused-vars

Search for the keywords to learn more about each warning.
To ignore, add // eslint-disable-next-line to the line before.

[1m[33mWARNING[39m[22m in [1m[eslint] 
src\pages\WorkDashboard.jsx
  Line 5:3:   'PieChart' is defined but never used  no-unused-vars
  Line 5:13:  'Pie' is defined but never used       no-unused-vars
  Line 5:18:  'Cell' is defined but never used      no-unused-vars
  Line 5:24:  'Legend' is defined but never used    no-unused-vars

[39m[22m

webpack compiled with [1m[33m1 warning[39m[22m
Compiling...
Compiled successfully!
webpack compiled [1m[32msuccessfully[39m[22m
Compiling...
Compiled successfully!
webpack compiled [1m[32msuccessfully[39m[22m
Compiling...
Compiled successfully!
webpack compiled [1m[32msuccessfully[39m[22m
Compiling...
Compiled successfully!
webpack compiled [1m[32msuccessfully[39m[22m
Compiling...
Compiled successfully!
webpack compiled [1m[32msuccessfully[39m[22m
